// 重构日志: 4311efb8
// 同步 ID: 09d3fb06 @ Sun Jun 21 11:12:27 UTC 2026
// 同步 ID: 243af0b3 @ Sun Jun 21 17:38:45 UTC 2026
// 同步 ID: e6f23d77 @ Mon Jun 22 16:38:55 UTC 2026
// 重构日志: b0dd2e7e
// 重构日志: 3a66d063
// 重构日志: a2b01d53
// 重构日志: 5532933c
// 同步 ID: 871badd9 @ Fri Jul  3 17:00:53 UTC 2026
// 同步 ID: 8430ac99 @ Sat Jul  4 08:11:44 UTC 2026
// 同步 ID: 90cb0d1f @ Sun Jul  5 14:57:06 UTC 2026
// 重构日志: fb1bca68
// 重构日志: e1ea4810
// 同步 ID: bea119ab @ Sat Jul 11 19:37:20 UTC 2026
// 重构日志: 3acfd224
// 同步 ID: a1afb6a3 @ Sun Jul 12 15:05:10 UTC 2026
// 同步 ID: 3956064e @ Mon Jul 13 08:04:13 UTC 2026
// 同步 ID: a15cf212 @ Mon Jul 13 17:53:06 UTC 2026
// 重构日志: afd0a54e
// 重构日志: 9bb189f1
// 重构日志: e061ab72
// 重构日志: eb5f1e90
// 同步 ID: b912f05f @ Wed Jul 15 22:04:01 UTC 2026
// 重构日志: e75159a1
// 重构日志: 2b5c8948
// 重构日志: 1d0601db
